#
# There is insufficient memory for the Java Runtime Environment to continue.
# Native memory allocation (malloc) failed to allocate 622336 bytes for Chunk::new
# Possible reasons:
#   The system is out of physical RAM or swap space
#   In 32 bit mode, the process size limit was hit
# Possible solutions:
#   Reduce memory load on the system
#   Increase physical memory or swap space
#   Check if swap backing store is full
#   Use 64 bit Java on a 64 bit OS
#   Decrease Java heap size (-Xmx/-Xms)
#   Decrease number of Java threads
#   Decrease Java thread stack sizes (-Xss)
#   Set larger code cache with -XX:ReservedCodeCacheSize=
# This output file may be truncated or incomplete.
#
#  Out of Memory Error (allocation.cpp:390), pid=14820, tid=0x00000000000037a4
#
# JRE version: Java(TM) SE Runtime Environment (8.0_121-b13) (build 1.8.0_121-b13)
# Java VM: Java HotSpot(TM) 64-Bit Server VM (25.121-b13 mixed mode windows-amd64 compressed oops)
# Failed to write core dump. Minidumps are not enabled by default on client versions of Windows
#

---------------  T H R E A D  ---------------

Current thread (0x000000001e701000):  JavaThread "C2 CompilerThread0" daemon [_thread_in_native, id=14244, stack(0x000000001ef00000,0x000000001f000000)]

Stack: [0x000000001ef00000,0x000000001f000000]
[error occurred during error reporting (printing stack bounds), id 0xc0000005]

Native frames: (J=compiled Java code, j=interpreted, Vv=VM code, C=native code)


Current CompileTask:
C2: 272506 5502       4       org.springframework.boot.devtools.filewatch.DirectorySnapshot::collectFiles (99 bytes)


---------------  P R O C E S S  ---------------

Java Threads: ( => current thread )
  0x0000000020c87800 JavaThread "DestroyJavaVM" [_thread_blocked, id=6048, stack(0x0000000002d10000,0x0000000002e10000)]
  0x0000000020c8b800 JavaThread "http-nio-8080-Acceptor" daemon [_thread_in_native, id=18872, stack(0x000000002bc70000,0x000000002bd70000)]
  0x0000000020c80000 JavaThread "http-nio-8080-Poller" daemon [_thread_in_native, id=17264, stack(0x000000002bb70000,0x000000002bc70000)]
  0x0000000020c83000 JavaThread "http-nio-8080-exec-10" daemon [_thread_blocked, id=18656, stack(0x000000002ba70000,0x000000002bb70000)]
  0x0000000020c82800 JavaThread "http-nio-8080-exec-9" daemon [_thread_blocked, id=9052, stack(0x0000000028560000,0x0000000028660000)]
  0x0000000020c87000 JavaThread "http-nio-8080-exec-8" daemon [_thread_blocked, id=440, stack(0x000000002b970000,0x000000002ba70000)]
  0x0000000020c86000 JavaThread "http-nio-8080-exec-7" daemon [_thread_blocked, id=22872, stack(0x000000002b870000,0x000000002b970000)]
  0x0000000020c7e800 JavaThread "http-nio-8080-exec-6" daemon [_thread_blocked, id=25004, stack(0x000000002b770000,0x000000002b870000)]
  0x0000000020c85800 JavaThread "http-nio-8080-exec-5" daemon [_thread_blocked, id=20676, stack(0x000000002b670000,0x000000002b770000)]
  0x0000000020c81800 JavaThread "http-nio-8080-exec-4" daemon [_thread_blocked, id=6592, stack(0x000000002b570000,0x000000002b670000)]
  0x0000000020c7e000 JavaThread "http-nio-8080-exec-3" daemon [_thread_blocked, id=8284, stack(0x000000002b260000,0x000000002b360000)]
  0x0000000020c84000 JavaThread "http-nio-8080-exec-2" daemon [_thread_blocked, id=16800, stack(0x000000002b160000,0x000000002b260000)]
  0x0000000020c81000 JavaThread "http-nio-8080-exec-1" daemon [_thread_blocked, id=24776, stack(0x0000000028230000,0x0000000028330000)]
  0x0000000020c84800 JavaThread "Live Reload Server" daemon [_thread_in_native, id=20376, stack(0x00000000288a0000,0x00000000289a0000)]
  0x0000000020c7f800 JavaThread "File Watcher" daemon [_thread_blocked, id=13240, stack(0x0000000027630000,0x0000000027730000)]
  0x0000000025842000 JavaThread "container-0" [_thread_blocked, id=16776, stack(0x0000000027930000,0x0000000027a30000)]
  0x0000000025843000 JavaThread "Catalina-utility-2" [_thread_blocked, id=20044, stack(0x0000000027830000,0x0000000027930000)]
  0x0000000025841800 JavaThread "Catalina-utility-1" [_thread_blocked, id=6196, stack(0x0000000027730000,0x0000000027830000)]
  0x0000000025840000 JavaThread "HikariPool-1 housekeeper" daemon [_thread_blocked, id=17968, stack(0x0000000024950000,0x0000000024a50000)]
  0x0000000024fee000 JavaThread "mysql-cj-abandoned-connection-cleanup" daemon [_thread_blocked, id=20360, stack(0x0000000021cb0000,0x0000000021db0000)]
  0x000000001fc2a800 JavaThread "RMI TCP Accept-0" daemon [_thread_in_native, id=19304, stack(0x0000000020140000,0x0000000020240000)]
  0x000000001fc13000 JavaThread "RMI TCP Accept-50962" daemon [_thread_in_native, id=2204, stack(0x0000000020040000,0x0000000020140000)]
  0x000000001fc27800 JavaThread "RMI TCP Accept-0" daemon [_thread_in_native, id=25224, stack(0x000000001ff40000,0x0000000020040000)]
  0x000000001e796800 JavaThread "Service Thread" daemon [_thread_blocked, id=23384, stack(0x000000001f300000,0x000000001f400000)]
  0x000000001e716800 JavaThread "C1 CompilerThread3" daemon [_thread_blocked, id=25728, stack(0x000000001f200000,0x000000001f300000)]
  0x000000001e70a800 JavaThread "C2 CompilerThread2" daemon [_thread_blocked, id=24384, stack(0x000000001f100000,0x000000001f200000)]
  0x000000001e706800 JavaThread "C2 CompilerThread1" daemon [_thread_blocked, id=14292, stack(0x000000001f000000,0x000000001f100000)]
=>0x000000001e701000 JavaThread "C2 CompilerThread0" daemon [_thread_in_native, id=14244, stack(0x000000001ef00000,0x000000001f000000)]
  0x000000001e6ff000 JavaThread "Attach Listener" daemon [_thread_blocked, id=8656, stack(0x000000001ee00000,0x000000001ef00000)]
  0x000000001e6fc000 JavaThread "Signal Dispatcher" daemon [_thread_blocked, id=5964, stack(0x000000001ed00000,0x000000001ee00000)]
  0x0000000002f0d800 JavaThread "Finalizer" daemon [_thread_blocked, id=15140, stack(0x000000001ead0000,0x000000001ebd0000)]
  0x000000001c7fd000 JavaThread "Reference Handler" daemon [_thread_blocked, id=2568, stack(0x000000001e5d0000,0x000000001e6d0000)]

Other Threads:
  0x000000001c7f9000 VMThread [stack: 0x000000001e4d0000,0x000000001e5d0000] [id=24848]
  0x000000001fc2e000 WatcherThread [stack: 0x00000000203b0000,0x00000000204b0000] [id=10096]

VM state:not at safepoint (normal execution)

VM Mutex/Monitor currently owned by a thread: None

Heap:
 PSYoungGen      total 289280K, used 89098K [0x000000076bf80000, 0x000000077f900000, 0x00000007c0000000)
  eden space 274944K, 27% used [0x000000076bf80000,0x00000007708b9bb0,0x000000077cc00000)
  from space 14336K, 98% used [0x000000077eb00000,0x000000077f8c8d80,0x000000077f900000)
  to   space 18432K, 0% used [0x000000077d500000,0x000000077d500000,0x000000077e700000)
 ParOldGen       total 201216K, used 21643K [0x00000006c3e00000, 0x00000006d0280000, 0x000000076bf80000)
  object space 201216K, 10% used [0x00000006c3e00000,0x00000006c5322d68,0x00000006d0280000)
 Metaspace       used 60286K, capacity 64140K, committed 64256K, reserved 1103872K
  class space    used 8208K, capacity 8875K, committed 8960K, reserved 1048576K

Card table byte_map: [0x00000000122d0000,0x0000000012ac0000] byte_map_base: 0x000000000ecb1000

Marking Bits: (ParMarkBitMap*) 0x00000000688cb6d0
 Begin Bits: [0x0000000013810000, 0x0000000017718000)
 End Bits:   [0x0000000017718000, 0x000000001b620000)

Polling page: 0x0000000001360000

CodeCache: size=245760Kb used=17198Kb max_used=17198Kb free=228561Kb
 bounds [0x0000000002f10000, 0x0000000003ff0000, 0x0000000011f10000]
 total_blobs=5316 nmethods=4762 adapters=465
 compilation: enabled

Compilation events (10 events):
Event: 270.349 Thread 0x000000001e716800 nmethod 5497 0x0000000003fe6650 code [0x0000000003fe67c0, 0x0000000003fe6ba8]
Event: 271.439 Thread 0x000000001e716800 5498       3       org.springframework.boot.devtools.filewatch.DirectorySnapshot::<init> (70 bytes)
Event: 271.440 Thread 0x000000001e716800 nmethod 5498 0x0000000003fe7e90 code [0x0000000003fe8180, 0x0000000003fe9338]
Event: 271.440 Thread 0x000000001e716800 5499       3       org.springframework.boot.devtools.filewatch.DirectorySnapshot$$Lambda$1064/425986427::get$Lambda (9 bytes)
Event: 271.440 Thread 0x000000001e716800 nmethod 5499 0x0000000003fe9e50 code [0x0000000003fe9fc0, 0x0000000003fea210]
Event: 271.440 Thread 0x000000001e716800 5500       3       org.springframework.boot.devtools.filewatch.DirectorySnapshot$$Lambda$1064/425986427::<init> (10 bytes)
Event: 271.440 Thread 0x000000001e716800 nmethod 5500 0x0000000003fe6250 code [0x0000000003fe63a0, 0x0000000003fe6570]
Event: 271.844 Thread 0x000000001e716800 5501       3       org.springframework.boot.devtools.filewatch.FileSystemWatcher$Watcher::scan (63 bytes)
Event: 271.845 Thread 0x000000001e716800 nmethod 5501 0x0000000003fea310 code [0x0000000003fea4e0, 0x0000000003fea948]
Event: 272.456 Thread 0x000000001e701000 5502       4       org.springframework.boot.devtools.filewatch.DirectorySnapshot::collectFiles (99 bytes)

GC Heap History (10 events):
Event: 5.004 GC heap before
{Heap before GC invocations=9 (full 2):
 PSYoungGen      total 152576K, used 8225K [0x000000076bf80000, 0x000000077b980000, 0x00000007c0000000)
  eden space 138752K, 0% used [0x000000076bf80000,0x000000076bf80000,0x0000000774700000)
  from space 13824K, 59% used [0x0000000774700000,0x0000000774f08458,0x0000000775480000)
  to   space 13312K, 0% used [0x000000077ac80000,0x000000077ac80000,0x000000077b980000)
 ParOldGen       total 103424K, used 7060K [0x00000006c3e00000, 0x00000006ca300000, 0x000000076bf80000)
  object space 103424K, 6% used [0x00000006c3e00000,0x00000006c44e5320,0x00000006ca300000)
 Metaspace       used 33156K, capacity 35402K, committed 35416K, reserved 1079296K
  class space    used 4307K, capacity 4723K, committed 4736K, reserved 1048576K
Event: 5.072 GC heap after
Heap after GC invocations=9 (full 2):
 PSYoungGen      total 152576K, used 0K [0x000000076bf80000, 0x000000077b980000, 0x00000007c0000000)
  eden space 138752K, 0% used [0x000000076bf80000,0x000000076bf80000,0x0000000774700000)
  from space 13824K, 0% used [0x0000000774700000,0x0000000774700000,0x0000000775480000)
  to   space 13312K, 0% used [0x000000077ac80000,0x000000077ac80000,0x000000077b980000)
 ParOldGen       total 144896K, used 12436K [0x00000006c3e00000, 0x00000006ccb80000, 0x000000076bf80000)
  object space 144896K, 8% used [0x00000006c3e00000,0x00000006c4a251e8,0x00000006ccb80000)
 Metaspace       used 33156K, capacity 35402K, committed 35416K, reserved 1079296K
  class space    used 4307K, capacity 4723K, committed 4736K, reserved 1048576K
}
Event: 9.101 GC heap before
{Heap before GC invocations=10 (full 2):
 PSYoungGen      total 152576K, used 138752K [0x000000076bf80000, 0x000000077b980000, 0x00000007c0000000)
  eden space 138752K, 100% used [0x000000076bf80000,0x0000000774700000,0x0000000774700000)
  from space 13824K, 0% used [0x0000000774700000,0x0000000774700000,0x0000000775480000)
  to   space 13312K, 0% used [0x000000077ac80000,0x000000077ac80000,0x000000077b980000)
 ParOldGen       total 144896K, used 12436K [0x00000006c3e00000, 0x00000006ccb80000, 0x000000076bf80000)
  object space 144896K, 8% used [0x00000006c3e00000,0x00000006c4a251e8,0x00000006ccb80000)
 Metaspace       used 51994K, capacity 54718K, committed 55040K, reserved 1097728K
  class space    used 7097K, capacity 7608K, committed 7680K, reserved 1048576K
Event: 9.127 GC heap after
Heap after GC invocations=10 (full 2):
 PSYoungGen      total 231936K, used 13299K [0x000000076bf80000, 0x000000077b980000, 0x00000007c0000000)
  eden space 218624K, 0% used [0x000000076bf80000,0x000000076bf80000,0x0000000779500000)
  from space 13312K, 99% used [0x000000077ac80000,0x000000077b97ccf8,0x000000077b980000)
  to   space 17920K, 0% used [0x0000000779680000,0x0000000779680000,0x000000077a800000)
 ParOldGen       total 144896K, used 19279K [0x00000006c3e00000, 0x00000006ccb80000, 0x000000076bf80000)
  object space 144896K, 13% used [0x00000006c3e00000,0x00000006c50d3f50,0x00000006ccb80000)
 Metaspace       used 51994K, capacity 54718K, committed 55040K, reserved 1097728K
  class space    used 7097K, capacity 7608K, committed 7680K, reserved 1048576K
}
Event: 10.060 GC heap before
{Heap before GC invocations=11 (full 2):
 PSYoungGen      total 231936K, used 71232K [0x000000076bf80000, 0x000000077b980000, 0x00000007c0000000)
  eden space 218624K, 26% used [0x000000076bf80000,0x000000076f8133f8,0x0000000779500000)
  from space 13312K, 99% used [0x000000077ac80000,0x000000077b97ccf8,0x000000077b980000)
  to   space 17920K, 0% used [0x0000000779680000,0x0000000779680000,0x000000077a800000)
 ParOldGen       total 144896K, used 19279K [0x00000006c3e00000, 0x00000006ccb80000, 0x000000076bf80000)
  object space 144896K, 13% used [0x00000006c3e00000,0x00000006c50d3f50,0x00000006ccb80000)
 Metaspace       used 55504K, capacity 58882K, committed 59028K, reserved 1099776K
  class space    used 7600K, capacity 8178K, committed 8192K, reserved 1048576K
Event: 10.072 GC heap after
Heap after GC invocations=11 (full 2):
 PSYoungGen      total 238080K, used 10282K [0x000000076bf80000, 0x000000077fc00000, 0x00000007c0000000)
  eden space 220160K, 0% used [0x000000076bf80000,0x000000076bf80000,0x0000000779680000)
  from space 17920K, 57% used [0x0000000779680000,0x000000077a08ab08,0x000000077a800000)
  to   space 17408K, 0% used [0x000000077eb00000,0x000000077eb00000,0x000000077fc00000)
 ParOldGen       total 144896K, used 19287K [0x00000006c3e00000, 0x00000006ccb80000, 0x000000076bf80000)
  object space 144896K, 13% used [0x00000006c3e00000,0x00000006c50d5f50,0x00000006ccb80000)
 Metaspace       used 55504K, capacity 58882K, committed 59028K, reserved 1099776K
  class space    used 7600K, capacity 8178K, committed 8192K, reserved 1048576K
}
Event: 10.072 GC heap before
{Heap before GC invocations=12 (full 3):
 PSYoungGen      total 238080K, used 10282K [0x000000076bf80000, 0x000000077fc00000, 0x00000007c0000000)
  eden space 220160K, 0% used [0x000000076bf80000,0x000000076bf80000,0x0000000779680000)
  from space 17920K, 57% used [0x0000000779680000,0x000000077a08ab08,0x000000077a800000)
  to   space 17408K, 0% used [0x000000077eb00000,0x000000077eb00000,0x000000077fc00000)
 ParOldGen       total 144896K, used 19287K [0x00000006c3e00000, 0x00000006ccb80000, 0x000000076bf80000)
  object space 144896K, 13% used [0x00000006c3e00000,0x00000006c50d5f50,0x00000006ccb80000)
 Metaspace       used 55504K, capacity 58882K, committed 59028K, reserved 1099776K
  class space    used 7600K, capacity 8178K, committed 8192K, reserved 1048576K
Event: 10.334 GC heap after
Heap after GC invocations=12 (full 3):
 PSYoungGen      total 238080K, used 0K [0x000000076bf80000, 0x000000077fc00000, 0x00000007c0000000)
  eden space 220160K, 0% used [0x000000076bf80000,0x000000076bf80000,0x0000000779680000)
  from space 17920K, 0% used [0x0000000779680000,0x0000000779680000,0x000000077a800000)
  to   space 17408K, 0% used [0x000000077eb00000,0x000000077eb00000,0x000000077fc00000)
 ParOldGen       total 201216K, used 21635K [0x00000006c3e00000, 0x00000006d0280000, 0x000000076bf80000)
  object space 201216K, 10% used [0x00000006c3e00000,0x00000006c5320d68,0x00000006d0280000)
 Metaspace       used 55500K, capacity 58876K, committed 59028K, reserved 1099776K
  class space    used 7599K, capacity 8177K, committed 8192K, reserved 1048576K
}
Event: 11.776 GC heap before
{Heap before GC invocations=13 (full 3):
 PSYoungGen      total 238080K, used 220160K [0x000000076bf80000, 0x000000077fc00000, 0x00000007c0000000)
  eden space 220160K, 100% used [0x000000076bf80000,0x0000000779680000,0x0000000779680000)
  from space 17920K, 0% used [0x0000000779680000,0x0000000779680000,0x000000077a800000)
  to   space 17408K, 0% used [0x000000077eb00000,0x000000077eb00000,0x000000077fc00000)
 ParOldGen       total 201216K, used 21635K [0x00000006c3e00000, 0x00000006d0280000, 0x000000076bf80000)
  object space 201216K, 10% used [0x00000006c3e00000,0x00000006c5320d68,0x00000006d0280000)
 Metaspace       used 58819K, capacity 62560K, committed 62720K, reserved 1103872K
  class space    used 8023K, capacity 8631K, committed 8704K, reserved 1048576K
Event: 11.795 GC heap after
Heap after GC invocations=13 (full 3):
 PSYoungGen      total 289280K, used 14115K [0x000000076bf80000, 0x000000077f900000, 0x00000007c0000000)
  eden space 274944K, 0% used [0x000000076bf80000,0x000000076bf80000,0x000000077cc00000)
  from space 14336K, 98% used [0x000000077eb00000,0x000000077f8c8d80,0x000000077f900000)
  to   space 18432K, 0% used [0x000000077d500000,0x000000077d500000,0x000000077e700000)
 ParOldGen       total 201216K, used 21643K [0x00000006c3e00000, 0x00000006d0280000, 0x000000076bf80000)
  object space 201216K, 10% used [0x00000006c3e00000,0x00000006c5322d68,0x00000006d0280000)
 Metaspace       used 58819K, capacity 62560K, committed 62720K, reserved 1103872K
  class space    used 8023K, capacity 8631K, committed 8704K, reserved 1048576K
}

Deoptimization events (10 events):
Event: 11.674 Thread 0x0000000025840800 Uncommon trap: reason=unstable_if action=reinterpret pc=0x0000000003aed26c method=io.github.classgraph.ClasspathElementZip.open(Lnonapi/io/github/classgraph/concurrency/WorkQueue;Lnonapi/io/github/classgraph/utils/LogNode;)V @ 427
Event: 11.679 Thread 0x0000000020c84800 Uncommon trap: reason=unstable_if action=reinterpret pc=0x0000000003aed26c method=io.github.classgraph.ClasspathElementZip.open(Lnonapi/io/github/classgraph/concurrency/WorkQueue;Lnonapi/io/github/classgraph/utils/LogNode;)V @ 427
Event: 11.680 Thread 0x0000000020c7f800 Uncommon trap: reason=unstable_if action=reinterpret pc=0x0000000003aed26c method=io.github.classgraph.ClasspathElementZip.open(Lnonapi/io/github/classgraph/concurrency/WorkQueue;Lnonapi/io/github/classgraph/utils/LogNode;)V @ 427
Event: 11.796 Thread 0x000000001c7fd000 Uncommon trap: reason=unstable_if action=reinterpret pc=0x00000000038979a8 method=java.lang.ref.Reference.tryHandlePending(Z)Z @ 20
Event: 11.856 Thread 0x0000000020fa7000 Uncommon trap: reason=unstable_if action=reinterpret pc=0x0000000003e78b74 method=org.springframework.core.annotation.TypeMappedAnnotations$MergedAnnotationFinder.process(Ljava/lang/Object;ILjava/lang/Object;Ljava/lang/annotation/Annotation;)Lorg/springfr
Event: 11.886 Thread 0x0000000020fa7000 Uncommon trap: reason=unstable_if action=reinterpret pc=0x00000000038e9638 method=org.springframework.beans.factory.support.DefaultSingletonBeanRegistry.getSingleton(Ljava/lang/String;Z)Ljava/lang/Object; @ 39
Event: 12.042 Thread 0x0000000020fa7000 Uncommon trap: reason=null_check action=make_not_entrant pc=0x00000000036c4fb8 method=org.springframework.util.ClassUtils.isAssignable(Ljava/lang/Class;Ljava/lang/Class;)Z @ 14
Event: 12.142 Thread 0x0000000020fa7000 Uncommon trap: reason=unstable_if action=reinterpret pc=0x0000000003e56d50 method=org.springframework.core.annotation.AnnotationsScanner.processClassInheritedAnnotations(Ljava/lang/Object;Ljava/lang/Class;Lorg/springframework/core/annotation/MergedAnnotat
Event: 12.143 Thread 0x0000000020fa7000 Uncommon trap: reason=unstable_if action=reinterpret pc=0x00000000039721f8 method=org.springframework.core.annotation.AnnotationsScanner.processClassInheritedAnnotations(Ljava/lang/Object;Ljava/lang/Class;Lorg/springframework/core/annotation/MergedAnnotat
Event: 12.220 Thread 0x0000000020fa7000 Uncommon trap: reason=unstable_if action=reinterpret pc=0x0000000003372958 method=org.springframework.util.ConcurrentReferenceHashMap$Segment.clear()V @ 7

Internal exceptions (10 events):
Event: 11.683 Thread 0x0000000020c82800 Exception <a 'sun/nio/fs/WindowsException'> (0x0000000777324168) thrown at [C:\re\workspace\8-2-build-windows-amd64-cygwin\jdk8u121\8372\hotspot\src\share\vm\prims\jni.cpp, line 709]
Event: 11.684 Thread 0x0000000020c82800 Exception <a 'sun/nio/fs/WindowsException'> (0x00000007773246f8) thrown at [C:\re\workspace\8-2-build-windows-amd64-cygwin\jdk8u121\8372\hotspot\src\share\vm\prims\jni.cpp, line 709]
Event: 11.684 Thread 0x0000000020c82800 Exception <a 'sun/nio/fs/WindowsException'> (0x0000000777325158) thrown at [C:\re\workspace\8-2-build-windows-amd64-cygwin\jdk8u121\8372\hotspot\src\share\vm\prims\jni.cpp, line 709]
Event: 11.685 Thread 0x0000000020c82800 Exception <a 'sun/nio/fs/WindowsException'> (0x0000000777325708) thrown at [C:\re\workspace\8-2-build-windows-amd64-cygwin\jdk8u121\8372\hotspot\src\share\vm\prims\jni.cpp, line 709]
Event: 11.686 Thread 0x0000000020c82800 Exception <a 'sun/nio/fs/WindowsException'> (0x0000000777326190) thrown at [C:\re\workspace\8-2-build-windows-amd64-cygwin\jdk8u121\8372\hotspot\src\share\vm\prims\jni.cpp, line 709]
Event: 11.686 Thread 0x0000000020c82800 Exception <a 'sun/nio/fs/WindowsException'> (0x0000000777326770) thrown at [C:\re\workspace\8-2-build-windows-amd64-cygwin\jdk8u121\8372\hotspot\src\share\vm\prims\jni.cpp, line 709]
Event: 11.687 Thread 0x0000000020c82800 Exception <a 'sun/nio/fs/WindowsException'> (0x0000000777327218) thrown at [C:\re\workspace\8-2-build-windows-amd64-cygwin\jdk8u121\8372\hotspot\src\share\vm\prims\jni.cpp, line 709]
Event: 11.687 Thread 0x0000000020c82800 Exception <a 'sun/nio/fs/WindowsException'> (0x0000000777327820) thrown at [C:\re\workspace\8-2-build-windows-amd64-cygwin\jdk8u121\8372\hotspot\src\share\vm\prims\jni.cpp, line 709]
Event: 11.688 Thread 0x0000000020c82800 Exception <a 'sun/nio/fs/WindowsException'> (0x00000007773282c0) thrown at [C:\re\workspace\8-2-build-windows-amd64-cygwin\jdk8u121\8372\hotspot\src\share\vm\prims\jni.cpp, line 709]
Event: 11.688 Thread 0x0000000020c82800 Exception <a 'sun/nio/fs/WindowsException'> (0x00000007773288c0) thrown at [C:\re\workspace\8-2-build-windows-amd64-cygwin\jdk8u121\8372\hotspot\src\share\vm\prims\jni.cpp, line 709]

Events (10 events):
Event: 26.967 Thread 0x000000001e716800 flushing nmethod 0x000000000331fed0
Event: 26.968 Thread 0x000000001e716800 flushing nmethod 0x000000000337b290
Event: 26.968 Thread 0x000000001e716800 flushing nmethod 0x00000000033a2890
Event: 33.203 Thread 0x000000001e716800 flushing nmethod 0x000000000372d990
Event: 33.204 Thread 0x000000001e716800 flushing nmethod 0x000000000390a190
Event: 33.360 Thread 0x000000001e716800 flushing nmethod 0x0000000003a37e50
Event: 43.215 Thread 0x000000001e716800 flushing nmethod 0x0000000003ce9cd0
Event: 43.215 Thread 0x000000001e716800 flushing nmethod 0x0000000003d56950
Event: 43.215 Thread 0x000000001e716800 flushing nmethod 0x0000000003d72810
Event: 43.215 Thread 0x000000001e716800 flushing nmethod 0x0000000003e10b50


Dynamic libraries:
0x00007ff665bf0000 - 0x00007ff665c27000 	C:\Program Files\Java\jre1.8.0_121\bin\javaw.exe
0x00007ffc44390000 - 0x00007ffc44588000 	C:\WINDOWS\SYSTEM32\ntdll.dll
0x00007ffc43880000 - 0x00007ffc4393d000 	C:\WINDOWS\System32\KERNEL32.DLL
0x00007ffc41f80000 - 0x00007ffc4224e000 	C:\WINDOWS\System32\KERNELBASE.dll
0x00007ffc42700000 - 0x00007ffc427ae000 	C:\WINDOWS\System32\ADVAPI32.dll
0x00007ffc44110000 - 0x00007ffc441ae000 	C:\WINDOWS\System32\msvcrt.dll
0x00007ffc43970000 - 0x00007ffc43a0c000 	C:\WINDOWS\System32\sechost.dll
0x00007ffc43000000 - 0x00007ffc43125000 	C:\WINDOWS\System32\RPCRT4.dll
0x00007ffc42e30000 - 0x00007ffc42fd0000 	C:\WINDOWS\System32\USER32.dll
0x00007ffc42390000 - 0x00007ffc423b2000 	C:\WINDOWS\System32\win32u.dll
0x00007ffc43940000 - 0x00007ffc4396a000 	C:\WINDOWS\System32\GDI32.dll
0x00007ffc42250000 - 0x00007ffc4235b000 	C:\WINDOWS\System32\gdi32full.dll
0x00007ffc41a80000 - 0x00007ffc41b1d000 	C:\WINDOWS\System32\msvcp_win.dll
0x00007ffc41c20000 - 0x00007ffc41d20000 	C:\WINDOWS\System32\ucrtbase.dll
0x00007ffc246d0000 - 0x00007ffc2496a000 	C:\WINDOWS\WinSxS\amd64_microsoft.windows.common-controls_6595b64144ccf1df_6.0.19041.1110_none_60b5254171f9507e\COMCTL32.dll
0x00007ffc42fd0000 - 0x00007ffc43000000 	C:\WINDOWS\System32\IMM32.DLL
0x0000000067620000 - 0x00000000676f2000 	C:\Program Files\Java\jre1.8.0_121\bin\msvcr100.dll
0x00000000680b0000 - 0x000000006894b000 	C:\Program Files\Java\jre1.8.0_121\bin\server\jvm.dll
0x00007ffc43e70000 - 0x00007ffc43e78000 	C:\WINDOWS\System32\PSAPI.DLL
0x00007ffc379a0000 - 0x00007ffc379aa000 	C:\WINDOWS\SYSTEM32\VERSION.dll
0x00007ffc24b90000 - 0x00007ffc24b99000 	C:\WINDOWS\SYSTEM32\WSOCK32.dll
0x00007ffc24470000 - 0x00007ffc24497000 	C:\WINDOWS\SYSTEM32\WINMM.dll
0x00007ffc43e00000 - 0x00007ffc43e6b000 	C:\WINDOWS\System32\WS2_32.dll
0x00000000680a0000 - 0x00000000680af000 	C:\Program Files\Java\jre1.8.0_121\bin\verify.dll
0x0000000068070000 - 0x0000000068099000 	C:\Program Files\Java\jre1.8.0_121\bin\java.dll
0x0000000068050000 - 0x0000000068066000 	C:\Program Files\Java\jre1.8.0_121\bin\zip.dll
0x00007ffc43130000 - 0x00007ffc43874000 	C:\WINDOWS\System32\SHELL32.dll
0x00007ffc3fb20000 - 0x00007ffc402b4000 	C:\WINDOWS\SYSTEM32\windows.storage.dll
0x00007ffc43aa0000 - 0x00007ffc43df4000 	C:\WINDOWS\System32\combase.dll
0x00007ffc41400000 - 0x00007ffc41430000 	C:\WINDOWS\SYSTEM32\Wldp.dll
0x00007ffc42650000 - 0x00007ffc426fd000 	C:\WINDOWS\System32\SHCORE.dll
0x00007ffc44030000 - 0x00007ffc44085000 	C:\WINDOWS\System32\shlwapi.dll
0x00007ffc419c0000 - 0x00007ffc419df000 	C:\WINDOWS\SYSTEM32\profapi.dll
0x00000000673a0000 - 0x00000000673ad000 	C:\Program Files\Java\jre1.8.0_121\bin\management.dll
0x0000000067c10000 - 0x0000000067c2a000 	C:\Program Files\Java\jre1.8.0_121\bin\net.dll
0x00007ffc411e0000 - 0x00007ffc4124a000 	C:\WINDOWS\system32\mswsock.dll
0x0000000067bf0000 - 0x0000000067c01000 	C:\Program Files\Java\jre1.8.0_121\bin\nio.dll
0x00007ffc24b00000 - 0x00007ffc24b17000 	C:\WINDOWS\system32\napinsp.dll
0x00007ffc24650000 - 0x00007ffc2466b000 	C:\WINDOWS\system32\pnrpnsp.dll
0x00007ffc38bd0000 - 0x00007ffc38be5000 	C:\WINDOWS\system32\wshbth.dll
0x00007ffc39720000 - 0x00007ffc3973d000 	C:\WINDOWS\system32\NLAapi.dll
0x00007ffc40ea0000 - 0x00007ffc40edb000 	C:\WINDOWS\SYSTEM32\IPHLPAPI.DLL
0x00007ffc40f30000 - 0x00007ffc40ffb000 	C:\WINDOWS\SYSTEM32\DNSAPI.dll
0x00007ffc42d50000 - 0x00007ffc42d58000 	C:\WINDOWS\System32\NSI.dll
0x00007ffc246b0000 - 0x00007ffc246c2000 	C:\WINDOWS\System32\winrnr.dll
0x00007ffc37420000 - 0x00007ffc3742a000 	C:\Windows\System32\rasadhlp.dll
0x00007ffc38980000 - 0x00007ffc38a00000 	C:\WINDOWS\System32\fwpuclnt.dll
0x00007ffc42360000 - 0x00007ffc42387000 	C:\WINDOWS\System32\bcrypt.dll
0x00007ffc41440000 - 0x00007ffc41458000 	C:\WINDOWS\SYSTEM32\CRYPTSP.dll
0x00007ffc40b10000 - 0x00007ffc40b44000 	C:\WINDOWS\system32\rsaenh.dll
0x00007ffc41980000 - 0x00007ffc419ae000 	C:\WINDOWS\SYSTEM32\USERENV.dll
0x00007ffc41b20000 - 0x00007ffc41ba2000 	C:\WINDOWS\System32\bcryptprimitives.dll
0x00007ffc41370000 - 0x00007ffc4137c000 	C:\WINDOWS\SYSTEM32\CRYPTBASE.dll
0x00007ffc38bb0000 - 0x00007ffc38bc7000 	C:\WINDOWS\SYSTEM32\dhcpcsvc6.DLL
0x00007ffc38b90000 - 0x00007ffc38bad000 	C:\WINDOWS\SYSTEM32\dhcpcsvc.DLL
0x00000000673b0000 - 0x00000000673d4000 	C:\Program Files\Java\jre1.8.0_121\bin\sunec.dll
0x0000000067bb0000 - 0x0000000067bbb000 	C:\Program Files\Java\jre1.8.0_121\bin\sunmscapi.dll
0x00007ffc41d20000 - 0x00007ffc41e76000 	C:\WINDOWS\System32\CRYPT32.dll

VM Arguments:
jvm_args: -Dcom.sun.management.jmxremote -Dcom.sun.management.jmxremote.port=50962 -Dcom.sun.management.jmxremote.authenticate=false -Dcom.sun.management.jmxremote.ssl=false -Dspring.liveBeansView.mbeanDomain -Dspring.application.admin.enabled=true -Dfile.encoding=UTF-8 
java_command: bank.org.back.BankAngularBackEndApplication
java_class_path (initial): D:\FormationsPerso\Java\BankAngularBackEnd\target\classes;C:\Users\yacou.kone\.m2\repository\org\springframework\boot\spring-boot-starter-data-jpa\2.7.0\spring-boot-starter-data-jpa-2.7.0.jar;C:\Users\yacou.kone\.m2\repository\org\springframework\boot\spring-boot-starter-aop\2.7.0\spring-boot-starter-aop-2.7.0.jar;C:\Users\yacou.kone\.m2\repository\org\springframework\spring-aop\5.3.20\spring-aop-5.3.20.jar;C:\Users\yacou.kone\.m2\repository\org\aspectj\aspectjweaver\1.9.7\aspectjweaver-1.9.7.jar;C:\Users\yacou.kone\.m2\repository\org\springframework\boot\spring-boot-starter-jdbc\2.7.0\spring-boot-starter-jdbc-2.7.0.jar;C:\Users\yacou.kone\.m2\repository\com\zaxxer\HikariCP\4.0.3\HikariCP-4.0.3.jar;C:\Users\yacou.kone\.m2\repository\org\springframework\spring-jdbc\5.3.20\spring-jdbc-5.3.20.jar;C:\Users\yacou.kone\.m2\repository\jakarta\transaction\jakarta.transaction-api\1.3.3\jakarta.transaction-api-1.3.3.jar;C:\Users\yacou.kone\.m2\repository\jakarta\persistence\jakarta.persistence-api\2.2.3\jakarta.persistence-api-2.2.3.jar;C:\Users\yacou.kone\.m2\repository\org\hibernate\hibernate-core\5.6.9.Final\hibernate-core-5.6.9.Final.jar;C:\Users\yacou.kone\.m2\repository\org\jboss\logging\jboss-logging\3.4.3.Final\jboss-logging-3.4.3.Final.jar;C:\Users\yacou.kone\.m2\repository\net\bytebuddy\byte-buddy\1.12.10\byte-buddy-1.12.10.jar;C:\Users\yacou.kone\.m2\repository\antlr\antlr\2.7.7\antlr-2.7.7.jar;C:\Users\yacou.kone\.m2\repository\org\jboss\jandex\2.4.2.Final\jandex-2.4.2.Final.jar;C:\Users\yacou.kone\.m2\repository\com\fasterxml\classmate\1.5.1\classmate-1.5.1.jar;C:\Users\yacou.kone\.m2\repository\org\hibernate\common\hibernate-commons-annotations\5.1.2.Final\hibernate-commons-annotations-5.1.2.Final.jar;C:\Users\yacou.kone\.m2\repository\org\glassfish\jaxb\jaxb-runtime\2.3.6\jaxb-runtime-2.3.6.jar;C:\Users\yacou.kone\.m2\repository\org\glassfish\jaxb\txw2\2.3.6\txw2-2.3.6.jar;C:\Users\yacou.kone\.m2\repository\com\sun\istack\istack-com
Launcher Type: SUN_STANDARD

Environment Variables:
JAVA_HOME=C:\Program Files\Java\jdk1.8.0_65
PATH=C:\Oracle19C\bin;C:\OracleClient11G;C:\Oracle\product\11.2.0\dbhome_1\bin;C:\Oracle\product\11.2.0\client_1\bin;C:\Python39\Scripts\;C:\Python39\;C:\Program Files\Microsoft MPI\Bin\;C:\ProgramData\Oracle\Java\javapath;C:\DevSuiteHome_1\jdk\jre\bin\classic;C:\DevSuiteHome_1\jdk\jre\bin;C:\DevSuiteHome_1\jdk\jre\bin\client;C:\DevSuiteHome_1\jlib;C:\DevSuiteHome_1\bin;C:\DevSuiteHome_1\jre\1.4.2\bin\client;C:\DevSuiteHome_1\jre\1.4.2\bin;C:\Program Files\avs\bin;C:\Program Files\avs\bin32;C:\WINDOWS\system32;C:\WINDOWS;C:\WINDOWS\System32\Wbem;C:\WINDOWS\System32\WindowsPowerShell\v1.0\;C:\WINDOWS\System32\OpenSSH\;C:\Program Files (x86)\Kaspersky Lab\Endpoint Agent\;C:\Program Files\dotnet\;C:\Program Files\Microsoft SQL Server\130\Tools\Binn\;C:\Program Files\Microsoft SQL Server\Client SDK\ODBC\170\Tools\Binn\;C:\Program Files (x86)\Microsoft SQL Server\150\DTS\Binn\;C:\Program Files (x86)\Microsoft SQL Server\130\Tools\Binn\;C:\Program Files (x86)\Microsoft SQL Server\130\DTS\Binn\;C:\Program Files\Microsoft SQL Server\130\DTS\Binn\;C:\Program Files\Microsoft SQL Server\Client SDK\ODBC\130\Tools\Binn\;C:\Program Files\Git\cmd;C:\wamp64\bin\php\php7.4.9;C:\composer;C:\ProgramData\chocolatey\bin;C:\Maven2\apache-maven-3.8.3\bin;C:\Program Files\Java\jdk1.8.0_121\bin;C:\flutter\bin;C:\Program Files\nodejs\;C:\Users\yacou.kone\AppData\Local\Microsoft\WindowsApps;;C:\Users\yacou.kone\AppData\Local\Programs\Microsoft VS Code\bin;C:\Users\yacou.kone\.dotnet\tools;C:\Users\yacou.kone\AppData\Roaming\Composer\vendor\bin;C:\Users\yacou.kone\AppData\Roaming\npm
USERNAME=yacou.kone
OS=Windows_NT
PROCESSOR_IDENTIFIER=Intel64 Family 6 Model 142 Stepping 12, GenuineIntel



---------------  S Y S T E M  ---------------

OS: Windows 10.0 , 64 bit Build 19041 (10.0.19041.1806)

CPU:total 8 (4 cores per cpu, 2 threads per core) family 6 model 142 stepping 12, cmov, cx8, fxsr, mmx, sse, sse2, sse3, ssse3, sse4.1, sse4.2, popcnt, avx, avx2, aes, clmul, erms, 3dnowpref, lzcnt, ht, tsc, tscinvbit, bmi1, bmi2, adx

Memory: 4k page, physical 16522072k(6201460k free), swap 21764952k(4172k free)

vm_info: Java HotSpot(TM) 64-Bit Server VM (25.121-b13) for windows-amd64 JRE (1.8.0_121-b13), built on Dec 12 2016 18:21:36 by "java_re" with MS VC++ 10.0 (VS2010)

time: Sat Jul 02 00:56:54 2022
elapsed time: 272 seconds (0d 0h 4m 32s)

